<?xml version="1.0" encoding="UTF-8"?>
<!-- Generated by org.testng.reporters.JUnitXMLReporter -->
<testsuite hostname="DESKTOP-2BC074J" name="Default test" tests="2" failures="0" timestamp="22 Jul 2019 03:39:29 GMT" time="3.7" errors="0">
  <testcase name="CheckResponseBody" time="0.012" classname="com.employeeApi.TestCases.TC001_GetAllEmployees"/>
  <testcase name="CheckStatusCode" time="0.0" classname="com.employeeApi.TestCases.TC001_GetAllEmployees"/>
</testsuite> <!-- Default test -->
